This file contains any messages produced by compilers while
running configure, to aid debugging if configure makes a mistake.

It was created by configure, which was
generated by GNU Autoconf 2.61.  Invocation command line was

  $ /Users/macmade/Documents/Brain/Development/GitHub/XEOS/software-deps/nasm/build/.././source/nasm-0.99.06/configure --prefix=/usr/local/xeos-build/nasm

## --------- ##
## Platform. ##
## --------- ##

hostname = mbpro-macmade.local
uname -m = x86_64
uname -r = 12.2.0
uname -s = Darwin
uname -v = Darwin Kernel Version 12.2.0: Sat Aug 25 00:48:52 PDT 2012; root:xnu-2050.18.24~1/RELEASE_X86_64

/usr/bin/uname -p = i386
/bin/uname -X     = unknown

/bin/arch              = unknown
/usr/bin/arch -k       = unknown
/usr/convex/getsysinfo = unknown
/usr/bin/hostinfo      = Mach kernel version:
	 Darwin Kernel Version 12.2.0: Sat Aug 25 00:48:52 PDT 2012; root:xnu-2050.18.24~1/RELEASE_X86_64
Kernel configured for up to 8 processors.
4 processors are physically available.
8 processors are logically available.
Processor type: i486 (Intel 80486)
Processors active: 0 1 2 3 4 5 6 7
Primary memory available: 8.00 gigabytes
Default processor set: 138 tasks, 721 threads, 8 processors
Load average: 2.43, Mach factor: 5.55
/bin/machine           = unknown
/usr/bin/oslevel       = unknown
/bin/universe          = unknown

PATH: /usr/bin
PATH: /bin
PATH: /usr/sbin
PATH: /sbin
PATH: /usr/local/bin
PATH: /usr/local/webstart/sw/zend-optimizer-php-4.4/bin
PATH: /usr/local/webstart/sw/zend-optimizer-php-4.4/bin
PATH: /usr/local/webstart/sw/yasm/bin
PATH: /usr/local/webstart/sw/xpdf/bin
PATH: /usr/X11R6/bin
PATH: /usr/local/webstart/sw/wget/bin
PATH: /usr/local/webstart/sw/webalizer/bin/webalizer
PATH: /usr/local/webstart/sw/treecc/bin
PATH: /usr/local/webstart/sw/trac/bin
PATH: /usr/local/webstart/sw/swig/bin
PATH: /usr/local/webstart/sw/subversion/bin
PATH: /usr/local/webstart/sw/siege/bin
PATH: /System/Library/Frameworks/Python.framework/Versions/2.6/bin
PATH: /usr/local/webstart/sw/pkgconfig/bin
PATH: /usr/local/webstart/sw/php-5.4/bin
PATH: /usr/local/webstart/sw/php-5.3/bin
PATH: /usr/local/webstart/sw/php-5.2/bin
PATH: /usr/local/webstart/sw/php-4.4/bin
PATH: /usr/local/webstart/sw/pcre/bin
PATH: /usr/local/webstart/sw/openldap/libexec
PATH: /usr/local/webstart/sw/openldap/bin
PATH: /usr/local/webstart/sw/nodejs/bin
PATH: /usr/local/webstart/sw/nmap/bin
PATH: /usr/local/webstart/sw/nginx/sbin
PATH: /usr/local/webstart/sw/neon/bin
PATH: /usr/local/webstart/sw/ncat/bin
PATH: /usr/local/webstart/sw/mysql/bin
PATH: /usr/local/webstart/sw/memcached/bin
PATH: /usr/local/webstart/sw/make/bin
PATH: /usr/local/webstart/sw/lynx/bin
PATH: /usr/local/webstart/sw/lua/bin
PATH: /usr/local/webstart/sw/libtool/bin
PATH: /usr/local/webstart/sw/lib-tiff/bin
PATH: /usr/local/webstart/sw/lib-sdl/bin
PATH: /usr/local/webstart/sw/lib-png/bin
PATH: /usr/local/webstart/sw/lib-mcrypt/bin
PATH: /usr/local/webstart/sw/lib-jpeg/bin
PATH: /usr/local/webstart/sw/lib-iconv/bin
PATH: /usr/local/webstart/sw/lib-event/bin
PATH: /usr/local/webstart/sw/lcms2/bin
PATH: /usr/local/webstart/sw/imagemagick/bin
PATH: /usr/local/webstart/sw/htmldoc/bin
PATH: /usr/local/webstart/sw/graphviz/bin
PATH: /usr/local/webstart/sw/graphicsmagick/bin
PATH: /usr/local/webstart/sw/git/bin
PATH: /usr/local/webstart/sw/ghostscript/bin
PATH: /usr/local/webstart/sw/gettext/bin
PATH: /usr/local/webstart/sw/gd/bin
PATH: /usr/local/webstart/sw/freetype/bin
PATH: /usr/local/webstart/sw/fontconfig/bin
PATH: /usr/local/webstart/sw/expat/bin
PATH: /usr/local/webstart/sw/doxygen/bin
PATH: /usr/local/webstart/sw/cronolog/sbin
PATH: /usr/local/webstart/sw/cmake/bin
PATH: /usr/local/webstart/sw/catdoc/bin
PATH: /usr/local/webstart/sw/bdb/bin
PATH: /usr/local/webstart/sw/automake/bin
PATH: /usr/local/webstart/sw/autoconf/bin
PATH: /usr/local/webstart/sw/aspell/bin
PATH: /usr/local/webstart/sw/aprutil/bin
PATH: /usr/local/webstart/sw/apr/bin
PATH: /usr/local/webstart/sw/apache2/bin
PATH: /usr/bin
PATH: /bin
PATH: /usr/sbin
PATH: /sbin
PATH: /usr/local/bin


## ----------- ##
## Core tests. ##
## ----------- ##

configure:1832: checking for gcc
configure:1848: found /usr/bin/gcc
configure:1859: result: gcc
configure:2097: checking for C compiler version
configure:2104: gcc --version >&5
i686-apple-darwin11-llvm-gcc-4.2 (GCC) 4.2.1 (Based on Apple Inc. build 5658) (LLVM build 2336.11.00)
Copyright (C) 2007 Free Software Foundation, Inc.
This is free software; see the source for copying conditions.  There is NO
warranty; not even for MERCHANTABILITY or FITNESS FOR A PARTICULAR PURPOSE.

configure:2107: $? = 0
configure:2114: gcc -v >&5
Using built-in specs.
Target: i686-apple-darwin11
Configured with: /private/var/tmp/llvmgcc42/llvmgcc42-2336.11~67/src/configure --disable-checking --enable-werror --prefix=/Applications/Xcode.app/Contents/Developer/usr/llvm-gcc-4.2 --mandir=/share/man --enable-languages=c,objc,c++,obj-c++ --program-prefix=llvm- --program-transform-name=/^[cg][^.-]*$/s/$/-4.2/ --with-slibdir=/usr/lib --build=i686-apple-darwin11 --enable-llvm=/private/var/tmp/llvmgcc42/llvmgcc42-2336.11~67/dst-llvmCore/Developer/usr/local --program-prefix=i686-apple-darwin11- --host=x86_64-apple-darwin11 --target=i686-apple-darwin11 --with-gxx-include-dir=/usr/include/c++/4.2.1
Thread model: posix
gcc version 4.2.1 (Based on Apple Inc. build 5658) (LLVM build 2336.11.00)
configure:2117: $? = 0
configure:2124: gcc -V >&5
llvm-gcc-4.2: argument to `-V' is missing
configure:2127: $? = 1
configure:2150: checking for C compiler default output file name
configure:2177: gcc    conftest.c  >&5
configure:2180: $? = 0
configure:2218: result: a.out
configure:2235: checking whether the C compiler works
configure:2245: ./a.out
configure:2248: $? = 0
configure:2265: result: yes
configure:2272: checking whether we are cross compiling
configure:2274: result: no
configure:2277: checking for suffix of executables
configure:2284: gcc -o conftest    conftest.c  >&5
configure:2287: $? = 0
configure:2311: result: 
configure:2317: checking for suffix of object files
configure:2343: gcc -c   conftest.c >&5
configure:2346: $? = 0
configure:2369: result: o
configure:2373: checking whether we are using the GNU C compiler
configure:2402: gcc -c   conftest.c >&5
configure:2408: $? = 0
configure:2425: result: yes
configure:2430: checking whether gcc accepts -g
configure:2460: gcc -c -g  conftest.c >&5
configure:2466: $? = 0
configure:2565: result: yes
configure:2582: checking for gcc option to accept ISO C89
configure:2656: gcc  -c -g -O2  conftest.c >&5
configure:2662: $? = 0
configure:2685: result: none needed
configure:2704: checking for library containing strerror
configure:2745: gcc -o conftest -g -O2   conftest.c  >&5
configure:2751: $? = 0
configure:2779: result: none required
configure:2792: checking how to run the C preprocessor
configure:2832: gcc -E  conftest.c
configure:2838: $? = 0
configure:2869: gcc -E  conftest.c
conftest.c:9:28: error: ac_nonexistent.h: No such file or directory
configure:2875: $? = 1
configure: failed program was:
| /* confdefs.h.  */
| #define PACKAGE_NAME ""
| #define PACKAGE_TARNAME ""
| #define PACKAGE_VERSION ""
| #define PACKAGE_STRING ""
| #define PACKAGE_BUGREPORT ""
| #define _GNU_SOURCE 1
| /* end confdefs.h.  */
| #include <ac_nonexistent.h>
configure:2908: result: gcc -E
configure:2937: gcc -E  conftest.c
configure:2943: $? = 0
configure:2974: gcc -E  conftest.c
conftest.c:9:28: error: ac_nonexistent.h: No such file or directory
configure:2980: $? = 1
configure: failed program was:
| /* confdefs.h.  */
| #define PACKAGE_NAME ""
| #define PACKAGE_TARNAME ""
| #define PACKAGE_VERSION ""
| #define PACKAGE_STRING ""
| #define PACKAGE_BUGREPORT ""
| #define _GNU_SOURCE 1
| /* end confdefs.h.  */
| #include <ac_nonexistent.h>
configure:3018: checking for grep that handles long lines and -e
configure:3092: result: /usr/bin/grep
configure:3097: checking for egrep
configure:3175: result: /usr/bin/grep -E
configure:3180: checking for ANSI C header files
configure:3210: gcc -c -g -O2  conftest.c >&5
configure:3216: $? = 0
configure:3315: gcc -o conftest -g -O2   conftest.c  >&5
configure:3318: $? = 0
configure:3324: ./conftest
configure:3327: $? = 0
configure:3344: result: yes
configure:3368: checking for sys/types.h
configure:3389: gcc -c -g -O2  conftest.c >&5
configure:3395: $? = 0
configure:3411: result: yes
configure:3368: checking for sys/stat.h
configure:3389: gcc -c -g -O2  conftest.c >&5
configure:3395: $? = 0
configure:3411: result: yes
configure:3368: checking for stdlib.h
configure:3389: gcc -c -g -O2  conftest.c >&5
configure:3395: $? = 0
configure:3411: result: yes
configure:3368: checking for string.h
configure:3389: gcc -c -g -O2  conftest.c >&5
configure:3395: $? = 0
configure:3411: result: yes
configure:3368: checking for memory.h
configure:3389: gcc -c -g -O2  conftest.c >&5
configure:3395: $? = 0
configure:3411: result: yes
configure:3368: checking for strings.h
configure:3389: gcc -c -g -O2  conftest.c >&5
configure:3395: $? = 0
configure:3411: result: yes
configure:3368: checking for inttypes.h
configure:3389: gcc -c -g -O2  conftest.c >&5
configure:3395: $? = 0
configure:3411: result: yes
configure:3368: checking for stdint.h
configure:3389: gcc -c -g -O2  conftest.c >&5
configure:3395: $? = 0
configure:3411: result: yes
configure:3368: checking for unistd.h
configure:3389: gcc -c -g -O2  conftest.c >&5
configure:3395: $? = 0
configure:3411: result: yes
configure:3433: checking minix/config.h usability
configure:3450: gcc -c -g -O2  conftest.c >&5
conftest.c:52:26: error: minix/config.h: No such file or directory
configure:3456: $? = 1
configure: failed program was:
| /* confdefs.h.  */
| #define PACKAGE_NAME ""
| #define PACKAGE_TARNAME ""
| #define PACKAGE_VERSION ""
| #define PACKAGE_STRING ""
| #define PACKAGE_BUGREPORT ""
| #define _GNU_SOURCE 1
| #define STDC_HEADERS 1
| #define HAVE_SYS_TYPES_H 1
| #define HAVE_SYS_STAT_H 1
| #define HAVE_STDLIB_H 1
| #define HAVE_STRING_H 1
| #define HAVE_MEMORY_H 1
| #define HAVE_STRINGS_H 1
| #define HAVE_INTTYPES_H 1
| #define HAVE_STDINT_H 1
| #define HAVE_UNISTD_H 1
| /* end confdefs.h.  */
| #include <stdio.h>
| #ifdef HAVE_SYS_TYPES_H
| # include <sys/types.h>
| #endif
| #ifdef HAVE_SYS_STAT_H
| # include <sys/stat.h>
| #endif
| #ifdef STDC_HEADERS
| # include <stdlib.h>
| # include <stddef.h>
| #else
| # ifdef HAVE_STDLIB_H
| #  include <stdlib.h>
| # endif
| #endif
| #ifdef HAVE_STRING_H
| # if !defined STDC_HEADERS && defined HAVE_MEMORY_H
| #  include <memory.h>
| # endif
| # include <string.h>
| #endif
| #ifdef HAVE_STRINGS_H
| # include <strings.h>
| #endif
| #ifdef HAVE_INTTYPES_H
| # include <inttypes.h>
| #endif
| #ifdef HAVE_STDINT_H
| # include <stdint.h>
| #endif
| #ifdef HAVE_UNISTD_H
| # include <unistd.h>
| #endif
| #include <minix/config.h>
configure:3470: result: no
configure:3474: checking minix/config.h presence
configure:3489: gcc -E  conftest.c
conftest.c:19:26: error: minix/config.h: No such file or directory
configure:3495: $? = 1
configure: failed program was:
| /* confdefs.h.  */
| #define PACKAGE_NAME ""
| #define PACKAGE_TARNAME ""
| #define PACKAGE_VERSION ""
| #define PACKAGE_STRING ""
| #define PACKAGE_BUGREPORT ""
| #define _GNU_SOURCE 1
| #define STDC_HEADERS 1
| #define HAVE_SYS_TYPES_H 1
| #define HAVE_SYS_STAT_H 1
| #define HAVE_STDLIB_H 1
| #define HAVE_STRING_H 1
| #define HAVE_MEMORY_H 1
| #define HAVE_STRINGS_H 1
| #define HAVE_INTTYPES_H 1
| #define HAVE_STDINT_H 1
| #define HAVE_UNISTD_H 1
| /* end confdefs.h.  */
| #include <minix/config.h>
configure:3509: result: no
configure:3537: checking for minix/config.h
configure:3544: result: no
configure:3621: checking for gcc
configure:3648: result: gcc
configure:3886: checking for C compiler version
configure:3893: gcc --version >&5
i686-apple-darwin11-llvm-gcc-4.2 (GCC) 4.2.1 (Based on Apple Inc. build 5658) (LLVM build 2336.11.00)
Copyright (C) 2007 Free Software Foundation, Inc.
This is free software; see the source for copying conditions.  There is NO
warranty; not even for MERCHANTABILITY or FITNESS FOR A PARTICULAR PURPOSE.

configure:3896: $? = 0
configure:3903: gcc -v >&5
Using built-in specs.
Target: i686-apple-darwin11
Configured with: /private/var/tmp/llvmgcc42/llvmgcc42-2336.11~67/src/configure --disable-checking --enable-werror --prefix=/Applications/Xcode.app/Contents/Developer/usr/llvm-gcc-4.2 --mandir=/share/man --enable-languages=c,objc,c++,obj-c++ --program-prefix=llvm- --program-transform-name=/^[cg][^.-]*$/s/$/-4.2/ --with-slibdir=/usr/lib --build=i686-apple-darwin11 --enable-llvm=/private/var/tmp/llvmgcc42/llvmgcc42-2336.11~67/dst-llvmCore/Developer/usr/local --program-prefix=i686-apple-darwin11- --host=x86_64-apple-darwin11 --target=i686-apple-darwin11 --with-gxx-include-dir=/usr/include/c++/4.2.1
Thread model: posix
gcc version 4.2.1 (Based on Apple Inc. build 5658) (LLVM build 2336.11.00)
configure:3906: $? = 0
configure:3913: gcc -V >&5
llvm-gcc-4.2: argument to `-V' is missing
configure:3916: $? = 1
configure:3919: checking whether we are using the GNU C compiler
configure:3971: result: yes
configure:3976: checking whether gcc accepts -g
configure:4111: result: yes
configure:4128: checking for gcc option to accept ISO C89
configure:4231: result: none needed
configure:4249: checking whether ln -s works
configure:4253: result: yes
configure:4260: checking whether make sets $(MAKE)
configure:4281: result: yes
configure:4294: checking whether make has sane VPATH handling
configure:4328: result: yes
configure:4380: checking for a BSD-compatible install
configure:4436: result: /usr/bin/install -c
configure:4448: checking if gcc accepts -W
configure:4473: gcc -o conftest -g -O2 -W   conftest.c  >&5
configure:4479: $? = 0
configure:4485: result: yes
configure:4498: checking if gcc accepts -Wall
configure:4523: gcc -o conftest -g -O2 -W -Wall   conftest.c  >&5
configure:4529: $? = 0
configure:4535: result: yes
configure:4548: checking if gcc accepts -std=c99
configure:4573: gcc -o conftest -g -O2 -W -Wall -std=c99   conftest.c  >&5
configure:4579: $? = 0
configure:4585: result: yes
configure:4598: checking if gcc accepts -pedantic
configure:4623: gcc -o conftest -g -O2 -W -Wall -std=c99 -pedantic   conftest.c  >&5
configure:4629: $? = 0
configure:4635: result: yes
configure:4653: checking for nroff
configure:4669: found /usr/bin/nroff
configure:4680: result: nroff
configure:4694: checking for ANSI C header files
configure:4858: result: yes
configure:4889: checking limits.h usability
configure:4906: gcc -c -g -O2 -W -Wall -std=c99 -pedantic  conftest.c >&5
configure:4912: $? = 0
configure:4926: result: yes
configure:4930: checking limits.h presence
configure:4945: gcc -E  conftest.c
configure:4951: $? = 0
configure:4965: result: yes
configure:4993: checking for limits.h
configure:5001: result: yes
configure:5025: checking for inttypes.h
configure:5031: result: yes
configure:5168: checking for strings.h
configure:5174: result: yes
configure:5319: checking stdbool.h usability
configure:5336: gcc -c -g -O2 -W -Wall -std=c99 -pedantic  conftest.c >&5
configure:5342: $? = 0
configure:5356: result: yes
configure:5360: checking stdbool.h presence
configure:5375: gcc -E  conftest.c
configure:5381: $? = 0
configure:5395: result: yes
configure:5423: checking for stdbool.h
configure:5431: result: yes
configure:5445: checking for an ANSI C-conforming const
configure:5520: gcc -c -g -O2 -W -Wall -std=c99 -pedantic  conftest.c >&5
configure:5526: $? = 0
configure:5541: result: yes
configure:5551: checking for size_t
configure:5581: gcc -c -g -O2 -W -Wall -std=c99 -pedantic  conftest.c >&5
configure:5587: $? = 0
configure:5602: result: yes
configure:5621: checking for strcspn
configure:5677: gcc -o conftest -g -O2 -W -Wall -std=c99 -pedantic   conftest.c  >&5
conftest.c:47: warning: conflicting types for built-in function 'strcspn'
configure:5683: $? = 0
configure:5701: result: yes
configure:5720: checking for strspn
configure:5776: gcc -o conftest -g -O2 -W -Wall -std=c99 -pedantic   conftest.c  >&5
conftest.c:48: warning: conflicting types for built-in function 'strspn'
configure:5782: $? = 0
configure:5800: result: yes
configure:5821: checking for vsnprintf
configure:5877: gcc -o conftest -g -O2 -W -Wall -std=c99 -pedantic   conftest.c  >&5
conftest.c:49: warning: conflicting types for built-in function 'vsnprintf'
configure:5883: $? = 0
configure:5901: result: yes
configure:5821: checking for _vsnprintf
configure:5877: gcc -o conftest -g -O2 -W -Wall -std=c99 -pedantic   conftest.c  >&5
Undefined symbols for architecture x86_64:
  "__vsnprintf", referenced from:
      _main in cc0dcVhY.o
ld: symbol(s) not found for architecture x86_64
collect2: ld returned 1 exit status
configure:5883: $? = 1
configure: failed program was:
| /* confdefs.h.  */
| #define PACKAGE_NAME ""
| #define PACKAGE_TARNAME ""
| #define PACKAGE_VERSION ""
| #define PACKAGE_STRING ""
| #define PACKAGE_BUGREPORT ""
| #define _GNU_SOURCE 1
| #define STDC_HEADERS 1
| #define HAVE_SYS_TYPES_H 1
| #define HAVE_SYS_STAT_H 1
| #define HAVE_STDLIB_H 1
| #define HAVE_STRING_H 1
| #define HAVE_MEMORY_H 1
| #define HAVE_STRINGS_H 1
| #define HAVE_INTTYPES_H 1
| #define HAVE_STDINT_H 1
| #define HAVE_UNISTD_H 1
| #define STDC_HEADERS 1
| #define HAVE_LIMITS_H 1
| #define HAVE_INTTYPES_H 1
| #define HAVE_STRINGS_H 1
| #define HAVE_STDBOOL_H 1
| #define HAVE_STRCSPN 1
| #define HAVE_STRSPN 1
| #define HAVE_VSNPRINTF 1
| /* end confdefs.h.  */
| /* Define _vsnprintf to an innocuous variant, in case <limits.h> declares _vsnprintf.
|    For example, HP-UX 11i <limits.h> declares gettimeofday.  */
| #define _vsnprintf innocuous__vsnprintf
| 
| /* System header to define __stub macros and hopefully few prototypes,
|     which can conflict with char _vsnprintf (); below.
|     Prefer <limits.h> to <assert.h> if __STDC__ is defined, since
|     <limits.h> exists even on freestanding compilers.  */
| 
| #ifdef __STDC__
| # include <limits.h>
| #else
| # include <assert.h>
| #endif
| 
| #undef _vsnprintf
| 
| /* Override any GCC internal prototype to avoid an error.
|    Use char because int might match the return type of a GCC
|    builtin and then its argument prototype would still apply.  */
| #ifdef __cplusplus
| extern "C"
| #endif
| char _vsnprintf ();
| /* The GNU C library defines this for functions which it implements
|     to always fail with ENOSYS.  Some functions are actually named
|     something starting with __ and the normal name is an alias.  */
| #if defined __stub__vsnprintf || defined __stub____vsnprintf
| choke me
| #endif
| 
| int
| main ()
| {
| return _vsnprintf ();
|   ;
|   return 0;
| }
configure:5901: result: no
configure:5921: checking for snprintf
configure:5977: gcc -o conftest -g -O2 -W -Wall -std=c99 -pedantic   conftest.c  >&5
conftest.c:50: warning: conflicting types for built-in function 'snprintf'
configure:5983: $? = 0
configure:6001: result: yes
configure:5921: checking for _snprintf
configure:5977: gcc -o conftest -g -O2 -W -Wall -std=c99 -pedantic   conftest.c  >&5
Undefined symbols for architecture x86_64:
  "__snprintf", referenced from:
      _main in ccvv7GbE.o
ld: symbol(s) not found for architecture x86_64
collect2: ld returned 1 exit status
configure:5983: $? = 1
configure: failed program was:
| /* confdefs.h.  */
| #define PACKAGE_NAME ""
| #define PACKAGE_TARNAME ""
| #define PACKAGE_VERSION ""
| #define PACKAGE_STRING ""
| #define PACKAGE_BUGREPORT ""
| #define _GNU_SOURCE 1
| #define STDC_HEADERS 1
| #define HAVE_SYS_TYPES_H 1
| #define HAVE_SYS_STAT_H 1
| #define HAVE_STDLIB_H 1
| #define HAVE_STRING_H 1
| #define HAVE_MEMORY_H 1
| #define HAVE_STRINGS_H 1
| #define HAVE_INTTYPES_H 1
| #define HAVE_STDINT_H 1
| #define HAVE_UNISTD_H 1
| #define STDC_HEADERS 1
| #define HAVE_LIMITS_H 1
| #define HAVE_INTTYPES_H 1
| #define HAVE_STRINGS_H 1
| #define HAVE_STDBOOL_H 1
| #define HAVE_STRCSPN 1
| #define HAVE_STRSPN 1
| #define HAVE_VSNPRINTF 1
| #define HAVE_SNPRINTF 1
| /* end confdefs.h.  */
| /* Define _snprintf to an innocuous variant, in case <limits.h> declares _snprintf.
|    For example, HP-UX 11i <limits.h> declares gettimeofday.  */
| #define _snprintf innocuous__snprintf
| 
| /* System header to define __stub macros and hopefully few prototypes,
|     which can conflict with char _snprintf (); below.
|     Prefer <limits.h> to <assert.h> if __STDC__ is defined, since
|     <limits.h> exists even on freestanding compilers.  */
| 
| #ifdef __STDC__
| # include <limits.h>
| #else
| # include <assert.h>
| #endif
| 
| #undef _snprintf
| 
| /* Override any GCC internal prototype to avoid an error.
|    Use char because int might match the return type of a GCC
|    builtin and then its argument prototype would still apply.  */
| #ifdef __cplusplus
| extern "C"
| #endif
| char _snprintf ();
| /* The GNU C library defines this for functions which it implements
|     to always fail with ENOSYS.  Some functions are actually named
|     something starting with __ and the normal name is an alias.  */
| #if defined __stub__snprintf || defined __stub____snprintf
| choke me
| #endif
| 
| int
| main ()
| {
| return _snprintf ();
|   ;
|   return 0;
| }
configure:6001: result: no
configure:6020: checking for strcasecmp
configure:6076: gcc -o conftest -g -O2 -W -Wall -std=c99 -pedantic   conftest.c  >&5
configure:6082: $? = 0
configure:6100: result: yes
configure:6020: checking for stricmp
configure:6076: gcc -o conftest -g -O2 -W -Wall -std=c99 -pedantic   conftest.c  >&5
Undefined symbols for architecture x86_64:
  "_stricmp", referenced from:
      _main in ccC2EHnR.o
ld: symbol(s) not found for architecture x86_64
collect2: ld returned 1 exit status
configure:6082: $? = 1
configure: failed program was:
| /* confdefs.h.  */
| #define PACKAGE_NAME ""
| #define PACKAGE_TARNAME ""
| #define PACKAGE_VERSION ""
| #define PACKAGE_STRING ""
| #define PACKAGE_BUGREPORT ""
| #define _GNU_SOURCE 1
| #define STDC_HEADERS 1
| #define HAVE_SYS_TYPES_H 1
| #define HAVE_SYS_STAT_H 1
| #define HAVE_STDLIB_H 1
| #define HAVE_STRING_H 1
| #define HAVE_MEMORY_H 1
| #define HAVE_STRINGS_H 1
| #define HAVE_INTTYPES_H 1
| #define HAVE_STDINT_H 1
| #define HAVE_UNISTD_H 1
| #define STDC_HEADERS 1
| #define HAVE_LIMITS_H 1
| #define HAVE_INTTYPES_H 1
| #define HAVE_STRINGS_H 1
| #define HAVE_STDBOOL_H 1
| #define HAVE_STRCSPN 1
| #define HAVE_STRSPN 1
| #define HAVE_VSNPRINTF 1
| #define HAVE_SNPRINTF 1
| #define HAVE_STRCASECMP 1
| /* end confdefs.h.  */
| /* Define stricmp to an innocuous variant, in case <limits.h> declares stricmp.
|    For example, HP-UX 11i <limits.h> declares gettimeofday.  */
| #define stricmp innocuous_stricmp
| 
| /* System header to define __stub macros and hopefully few prototypes,
|     which can conflict with char stricmp (); below.
|     Prefer <limits.h> to <assert.h> if __STDC__ is defined, since
|     <limits.h> exists even on freestanding compilers.  */
| 
| #ifdef __STDC__
| # include <limits.h>
| #else
| # include <assert.h>
| #endif
| 
| #undef stricmp
| 
| /* Override any GCC internal prototype to avoid an error.
|    Use char because int might match the return type of a GCC
|    builtin and then its argument prototype would still apply.  */
| #ifdef __cplusplus
| extern "C"
| #endif
| char stricmp ();
| /* The GNU C library defines this for functions which it implements
|     to always fail with ENOSYS.  Some functions are actually named
|     something starting with __ and the normal name is an alias.  */
| #if defined __stub_stricmp || defined __stub___stricmp
| choke me
| #endif
| 
| int
| main ()
| {
| return stricmp ();
|   ;
|   return 0;
| }
configure:6100: result: no
configure:6115: checking for strncasecmp
configure:6171: gcc -o conftest -g -O2 -W -Wall -std=c99 -pedantic   conftest.c  >&5
configure:6177: $? = 0
configure:6195: result: yes
configure:6115: checking for strnicmp
configure:6171: gcc -o conftest -g -O2 -W -Wall -std=c99 -pedantic   conftest.c  >&5
Undefined symbols for architecture x86_64:
  "_strnicmp", referenced from:
      _main in ccHs28U3.o
ld: symbol(s) not found for architecture x86_64
collect2: ld returned 1 exit status
configure:6177: $? = 1
configure: failed program was:
| /* confdefs.h.  */
| #define PACKAGE_NAME ""
| #define PACKAGE_TARNAME ""
| #define PACKAGE_VERSION ""
| #define PACKAGE_STRING ""
| #define PACKAGE_BUGREPORT ""
| #define _GNU_SOURCE 1
| #define STDC_HEADERS 1
| #define HAVE_SYS_TYPES_H 1
| #define HAVE_SYS_STAT_H 1
| #define HAVE_STDLIB_H 1
| #define HAVE_STRING_H 1
| #define HAVE_MEMORY_H 1
| #define HAVE_STRINGS_H 1
| #define HAVE_INTTYPES_H 1
| #define HAVE_STDINT_H 1
| #define HAVE_UNISTD_H 1
| #define STDC_HEADERS 1
| #define HAVE_LIMITS_H 1
| #define HAVE_INTTYPES_H 1
| #define HAVE_STRINGS_H 1
| #define HAVE_STDBOOL_H 1
| #define HAVE_STRCSPN 1
| #define HAVE_STRSPN 1
| #define HAVE_VSNPRINTF 1
| #define HAVE_SNPRINTF 1
| #define HAVE_STRCASECMP 1
| #define HAVE_STRNCASECMP 1
| /* end confdefs.h.  */
| /* Define strnicmp to an innocuous variant, in case <limits.h> declares strnicmp.
|    For example, HP-UX 11i <limits.h> declares gettimeofday.  */
| #define strnicmp innocuous_strnicmp
| 
| /* System header to define __stub macros and hopefully few prototypes,
|     which can conflict with char strnicmp (); below.
|     Prefer <limits.h> to <assert.h> if __STDC__ is defined, since
|     <limits.h> exists even on freestanding compilers.  */
| 
| #ifdef __STDC__
| # include <limits.h>
| #else
| # include <assert.h>
| #endif
| 
| #undef strnicmp
| 
| /* Override any GCC internal prototype to avoid an error.
|    Use char because int might match the return type of a GCC
|    builtin and then its argument prototype would still apply.  */
| #ifdef __cplusplus
| extern "C"
| #endif
| char strnicmp ();
| /* The GNU C library defines this for functions which it implements
|     to always fail with ENOSYS.  Some functions are actually named
|     something starting with __ and the normal name is an alias.  */
| #if defined __stub_strnicmp || defined __stub___strnicmp
| choke me
| #endif
| 
| int
| main ()
| {
| return strnicmp ();
|   ;
|   return 0;
| }
configure:6195: result: no
configure:6209: checking for strsep
configure:6265: gcc -o conftest -g -O2 -W -Wall -std=c99 -pedantic   conftest.c  >&5
configure:6271: $? = 0
configure:6289: result: yes
configure:6304: checking for getuid
configure:6360: gcc -o conftest -g -O2 -W -Wall -std=c99 -pedantic   conftest.c  >&5
configure:6366: $? = 0
configure:6384: result: yes
configure:6398: checking for getgid
configure:6454: gcc -o conftest -g -O2 -W -Wall -std=c99 -pedantic   conftest.c  >&5
configure:6460: $? = 0
configure:6478: result: yes
configure:6489: checking whether strcasecmp is declared
configure:6518: gcc -c -g -O2 -W -Wall -std=c99 -pedantic  conftest.c >&5
configure:6524: $? = 0
configure:6539: result: yes
configure:6557: checking whether stricmp is declared
configure:6586: gcc -c -g -O2 -W -Wall -std=c99 -pedantic  conftest.c >&5
conftest.c: In function 'main':
conftest.c:71: error: 'stricmp' undeclared (first use in this function)
conftest.c:71: error: (Each undeclared identifier is reported only once
conftest.c:71: error: for each function it appears in.)
configure:6592: $? = 1
configure: failed program was:
| /* confdefs.h.  */
| #define PACKAGE_NAME ""
| #define PACKAGE_TARNAME ""
| #define PACKAGE_VERSION ""
| #define PACKAGE_STRING ""
| #define PACKAGE_BUGREPORT ""
| #define _GNU_SOURCE 1
| #define STDC_HEADERS 1
| #define HAVE_SYS_TYPES_H 1
| #define HAVE_SYS_STAT_H 1
| #define HAVE_STDLIB_H 1
| #define HAVE_STRING_H 1
| #define HAVE_MEMORY_H 1
| #define HAVE_STRINGS_H 1
| #define HAVE_INTTYPES_H 1
| #define HAVE_STDINT_H 1
| #define HAVE_UNISTD_H 1
| #define STDC_HEADERS 1
| #define HAVE_LIMITS_H 1
| #define HAVE_INTTYPES_H 1
| #define HAVE_STRINGS_H 1
| #define HAVE_STDBOOL_H 1
| #define HAVE_STRCSPN 1
| #define HAVE_STRSPN 1
| #define HAVE_VSNPRINTF 1
| #define HAVE_SNPRINTF 1
| #define HAVE_STRCASECMP 1
| #define HAVE_STRNCASECMP 1
| #define HAVE_STRSEP 1
| #define HAVE_GETUID 1
| #define HAVE_GETGID 1
| #define HAVE_DECL_STRCASECMP 1
| /* end confdefs.h.  */
| #include <stdio.h>
| #ifdef HAVE_SYS_TYPES_H
| # include <sys/types.h>
| #endif
| #ifdef HAVE_SYS_STAT_H
| # include <sys/stat.h>
| #endif
| #ifdef STDC_HEADERS
| # include <stdlib.h>
| # include <stddef.h>
| #else
| # ifdef HAVE_STDLIB_H
| #  include <stdlib.h>
| # endif
| #endif
| #ifdef HAVE_STRING_H
| # if !defined STDC_HEADERS && defined HAVE_MEMORY_H
| #  include <memory.h>
| # endif
| # include <string.h>
| #endif
| #ifdef HAVE_STRINGS_H
| # include <strings.h>
| #endif
| #ifdef HAVE_INTTYPES_H
| # include <inttypes.h>
| #endif
| #ifdef HAVE_STDINT_H
| # include <stdint.h>
| #endif
| #ifdef HAVE_UNISTD_H
| # include <unistd.h>
| #endif
| int
| main ()
| {
| #ifndef stricmp
|   (void) stricmp;
| #endif
| 
|   ;
|   return 0;
| }
configure:6607: result: no
configure:6625: checking whether strncasecmp is declared
configure:6654: gcc -c -g -O2 -W -Wall -std=c99 -pedantic  conftest.c >&5
configure:6660: $? = 0
configure:6675: result: yes
configure:6693: checking whether strnicmp is declared
configure:6722: gcc -c -g -O2 -W -Wall -std=c99 -pedantic  conftest.c >&5
conftest.c: In function 'main':
conftest.c:73: error: 'strnicmp' undeclared (first use in this function)
conftest.c:73: error: (Each undeclared identifier is reported only once
conftest.c:73: error: for each function it appears in.)
configure:6728: $? = 1
configure: failed program was:
| /* confdefs.h.  */
| #define PACKAGE_NAME ""
| #define PACKAGE_TARNAME ""
| #define PACKAGE_VERSION ""
| #define PACKAGE_STRING ""
| #define PACKAGE_BUGREPORT ""
| #define _GNU_SOURCE 1
| #define STDC_HEADERS 1
| #define HAVE_SYS_TYPES_H 1
| #define HAVE_SYS_STAT_H 1
| #define HAVE_STDLIB_H 1
| #define HAVE_STRING_H 1
| #define HAVE_MEMORY_H 1
| #define HAVE_STRINGS_H 1
| #define HAVE_INTTYPES_H 1
| #define HAVE_STDINT_H 1
| #define HAVE_UNISTD_H 1
| #define STDC_HEADERS 1
| #define HAVE_LIMITS_H 1
| #define HAVE_INTTYPES_H 1
| #define HAVE_STRINGS_H 1
| #define HAVE_STDBOOL_H 1
| #define HAVE_STRCSPN 1
| #define HAVE_STRSPN 1
| #define HAVE_VSNPRINTF 1
| #define HAVE_SNPRINTF 1
| #define HAVE_STRCASECMP 1
| #define HAVE_STRNCASECMP 1
| #define HAVE_STRSEP 1
| #define HAVE_GETUID 1
| #define HAVE_GETGID 1
| #define HAVE_DECL_STRCASECMP 1
| #define HAVE_DECL_STRICMP 0
| #define HAVE_DECL_STRNCASECMP 1
| /* end confdefs.h.  */
| #include <stdio.h>
| #ifdef HAVE_SYS_TYPES_H
| # include <sys/types.h>
| #endif
| #ifdef HAVE_SYS_STAT_H
| # include <sys/stat.h>
| #endif
| #ifdef STDC_HEADERS
| # include <stdlib.h>
| # include <stddef.h>
| #else
| # ifdef HAVE_STDLIB_H
| #  include <stdlib.h>
| # endif
| #endif
| #ifdef HAVE_STRING_H
| # if !defined STDC_HEADERS && defined HAVE_MEMORY_H
| #  include <memory.h>
| # endif
| # include <string.h>
| #endif
| #ifdef HAVE_STRINGS_H
| # include <strings.h>
| #endif
| #ifdef HAVE_INTTYPES_H
| # include <inttypes.h>
| #endif
| #ifdef HAVE_STDINT_H
| # include <stdint.h>
| #endif
| #ifdef HAVE_UNISTD_H
| # include <unistd.h>
| #endif
| int
| main ()
| {
| #ifndef strnicmp
|   (void) strnicmp;
| #endif
| 
|   ;
|   return 0;
| }
configure:6743: result: no
configure:6761: checking whether strsep is declared
configure:6790: gcc -c -g -O2 -W -Wall -std=c99 -pedantic  conftest.c >&5
configure:6796: $? = 0
configure:6811: result: yes
configure:6941: creating ./config.status

## ---------------------- ##
## Running config.status. ##
## ---------------------- ##

This file was extended by config.status, which was
generated by GNU Autoconf 2.61.  Invocation command line was

  CONFIG_FILES    = 
  CONFIG_HEADERS  = 
  CONFIG_LINKS    = 
  CONFIG_COMMANDS = 
  $ ./config.status 

on mbpro-macmade.local

config.status:613: creating Makefile
config.status:613: creating rdoff/Makefile
config.status:613: creating doc/Makefile
config.status:613: creating config.h
config.status:857: executing default-1 commands

## ---------------- ##
## Cache variables. ##
## ---------------- ##

ac_cv_c_compiler_gnu=yes
ac_cv_c_const=yes
ac_cv_env_CC_set=
ac_cv_env_CC_value=
ac_cv_env_CFLAGS_set=
ac_cv_env_CFLAGS_value=
ac_cv_env_CPPFLAGS_set=
ac_cv_env_CPPFLAGS_value=
ac_cv_env_CPP_set=
ac_cv_env_CPP_value=
ac_cv_env_LDFLAGS_set=
ac_cv_env_LDFLAGS_value=
ac_cv_env_LIBS_set=
ac_cv_env_LIBS_value=
ac_cv_env_build_alias_set=
ac_cv_env_build_alias_value=
ac_cv_env_host_alias_set=
ac_cv_env_host_alias_value=
ac_cv_env_target_alias_set=
ac_cv_env_target_alias_value=
ac_cv_func__snprintf=no
ac_cv_func__vsnprintf=no
ac_cv_func_getgid=yes
ac_cv_func_getuid=yes
ac_cv_func_snprintf=yes
ac_cv_func_strcasecmp=yes
ac_cv_func_strcspn=yes
ac_cv_func_stricmp=no
ac_cv_func_strncasecmp=yes
ac_cv_func_strnicmp=no
ac_cv_func_strsep=yes
ac_cv_func_strspn=yes
ac_cv_func_vsnprintf=yes
ac_cv_have_decl_strcasecmp=yes
ac_cv_have_decl_stricmp=no
ac_cv_have_decl_strncasecmp=yes
ac_cv_have_decl_strnicmp=no
ac_cv_have_decl_strsep=yes
ac_cv_header_inttypes_h=yes
ac_cv_header_limits_h=yes
ac_cv_header_memory_h=yes
ac_cv_header_minix_config_h=no
ac_cv_header_stdbool_h=yes
ac_cv_header_stdc=yes
ac_cv_header_stdint_h=yes
ac_cv_header_stdlib_h=yes
ac_cv_header_string_h=yes
ac_cv_header_strings_h=yes
ac_cv_header_sys_stat_h=yes
ac_cv_header_sys_types_h=yes
ac_cv_header_unistd_h=yes
ac_cv_objext=o
ac_cv_path_EGREP='/usr/bin/grep -E'
ac_cv_path_GREP=/usr/bin/grep
ac_cv_path_install='/usr/bin/install -c'
ac_cv_prog_CPP='gcc -E'
ac_cv_prog_NROFF=nroff
ac_cv_prog_ac_ct_CC=gcc
ac_cv_prog_cc_c89=
ac_cv_prog_cc_g=yes
ac_cv_prog_make_make_set=yes
ac_cv_prog_make_vpathok=yes
ac_cv_search_strerror='none required'
ac_cv_type_size_t=yes

## ----------------- ##
## Output variables. ##
## ----------------- ##

CC='gcc'
CFLAGS='-g -O2 -W -Wall -std=c99 -pedantic'
CPP='gcc -E'
CPPFLAGS=''
DEFS='-DHAVE_CONFIG_H'
ECHO_C='ECHO_N=''
ECHO_T=''
EGREP='/usr/bin/grep -E'
EXEEXT=''
GREP='/usr/bin/grep'
INSTALL_DATA='${INSTALL} -m 644'
INSTALL_PROGRAM='${INSTALL}'
INSTALL_SCRIPT='${INSTALL}'
LDFLAGS=''
LIBOBJS=''
LIBS=''
LN_S='ln -s'
LTLIBOBJS=''
NROFF='nroff'
OBJEXT='o'
PACKAGE_BUGREPORT=''
PACKAGE_NAME=''
PACKAGE_STRING=''
PACKAGE_TARNAME=''
PACKAGE_VERSION=''
PATH_SEPARATOR=':'
SET_MAKE=''
SHELL='/bin/sh'
XOBJS=''
ac_ct_CC='gcc'
ac_prefix_program=''
bindir='${exec_prefix}/bin'
build_alias=''
datadir='${datarootdir}'
datarootdir='${prefix}/share'
docdir='${datarootdir}/doc/${PACKAGE}'
dvidir='${docdir}'
exec_prefix='${prefix}'
host_alias=''
htmldir='${docdir}'
includedir='${prefix}/include'
infodir='${datarootdir}/info'
libdir='${exec_prefix}/lib'
libexecdir='${exec_prefix}/libexec'
localedir='${datarootdir}/locale'
localstatedir='${prefix}/var'
mandir='${datarootdir}/man'
oldincludedir='/usr/include'
pdfdir='${docdir}'
prefix='/usr/local/xeos-build/nasm'
program_transform_name='s,x,x,'
psdir='${docdir}'
sbindir='${exec_prefix}/sbin'
sharedstatedir='${prefix}/com'
sysconfdir='${prefix}/etc'
target_alias=''

## ----------- ##
## confdefs.h. ##
## ----------- ##

#define PACKAGE_NAME ""
#define PACKAGE_TARNAME ""
#define PACKAGE_VERSION ""
#define PACKAGE_STRING ""
#define PACKAGE_BUGREPORT ""
#define _GNU_SOURCE 1
#define STDC_HEADERS 1
#define HAVE_SYS_TYPES_H 1
#define HAVE_SYS_STAT_H 1
#define HAVE_STDLIB_H 1
#define HAVE_STRING_H 1
#define HAVE_MEMORY_H 1
#define HAVE_STRINGS_H 1
#define HAVE_INTTYPES_H 1
#define HAVE_STDINT_H 1
#define HAVE_UNISTD_H 1
#define STDC_HEADERS 1
#define HAVE_LIMITS_H 1
#define HAVE_INTTYPES_H 1
#define HAVE_STRINGS_H 1
#define HAVE_STDBOOL_H 1
#define HAVE_STRCSPN 1
#define HAVE_STRSPN 1
#define HAVE_VSNPRINTF 1
#define HAVE_SNPRINTF 1
#define HAVE_STRCASECMP 1
#define HAVE_STRNCASECMP 1
#define HAVE_STRSEP 1
#define HAVE_GETUID 1
#define HAVE_GETGID 1
#define HAVE_DECL_STRCASECMP 1
#define HAVE_DECL_STRICMP 0
#define HAVE_DECL_STRNCASECMP 1
#define HAVE_DECL_STRNICMP 0
#define HAVE_DECL_STRSEP 1

configure: exit 0
